p/1678487243603.jpg 1 0 0 177 177
p/1678487216640.jpg 1 0 0 122 122
p/1678487206525.jpg 1 0 0 117 117
p/1678487201249.jpg 1 0 0 130 130
p/1678487194625.jpg 1 0 0 124 124
p/1678487175953.jpg 1 0 0 122 122
p/1678487169624.jpg 1 0 0 124 124
p/1678487151759.jpg 1 0 0 129 129
p/1678487101182.jpg 1 0 0 152 152
p/1678487093895.jpg 1 0 0 170 170
p/1678487066603.jpg 1 0 0 135 135
p/1678487058564.jpg 1 0 0 133 133
p/1678487006207.jpg 1 0 0 123 123
p/1678486957395.jpg 1 0 0 121 121
p/1678486939271.jpg 1 0 0 114 114
p/1678486932261.jpg 1 0 0 136 136
p/1678486908769.jpg 1 0 0 138 138
p/1678486902945.jpg 1 0 0 128 128
p/1678486884547.jpg 1 0 0 126 126
p/1678486876413.jpg 1 0 0 138 138
p/1678486865244.jpg 1 0 0 130 130
p/1678486858321.jpg 1 0 0 122 122
p/1678486834565.jpg 1 0 0 154 154
p/1678486824326.jpg 1 0 0 130 130
p/1678486806259.jpg 1 0 0 126 126
p/1678486799781.jpg 1 0 0 145 145
p/1678486791527.jpg 1 0 0 134 134
p/1678486784451.jpg 1 0 0 141 141
p/1678486756498.jpg 1 0 0 124 124
p/1678486745377.jpg 1 0 0 119 119
p/1678486733776.jpg 1 0 0 119 119
p/1678486709630.jpg 1 0 0 128 128
p/1678486702850.jpg 1 0 0 122 122
p/1678486698262.jpg 1 0 0 132 132
p/1678486684909.jpg 1 0 0 123 123
p/1678486662642.jpg 1 0 0 123 123
p/1678486654538.jpg 1 0 0 164 164
p/1678486640527.jpg 1 0 0 129 129
p/1678486626333.jpg 1 0 0 159 159
p/1678486621065.jpg 1 0 0 168 168
p/1678486615782.jpg 1 0 0 159 159
p/1678486608744.jpg 1 0 0 145 145
p/1678486586377.jpg 1 0 0 160 160
p/1678486579056.jpg 1 0 0 151 151
p/1678486572438.jpg 1 0 0 157 157
p/1678486560341.jpg 1 0 0 144 144
p/1678486553974.jpg 1 0 0 176 176
p/1678486545388.jpg 1 0 0 146 146
p/1678486526673.jpg 1 0 0 158 158
p/1678486516148.jpg 1 0 0 160 160
p/1678486510745.jpg 1 0 0 170 170
p/1678486505089.jpg 1 0 0 165 165
p/1678486499997.jpg 1 0 0 168 168
p/1678486490009.jpg 1 0 0 154 154
p/1678486468798.jpg 1 0 0 145 145
p/1678486450909.jpg 1 0 0 170 170
p/1678486440407.jpg 1 0 0 150 150
p/1678486430825.jpg 1 0 0 145 145
p/1678486421950.jpg 1 0 0 154 154
p/1678486416161.jpg 1 0 0 156 156
p/1678486409809.jpg 1 0 0 156 156
p/1678486400402.jpg 1 0 0 183 183
p/1678486393678.jpg 1 0 0 184 184
p/1678486385413.jpg 1 0 0 175 175
p/1678486359264.jpg 1 0 0 109 109
p/1678486347336.jpg 1 0 0 180 180
p/1678486340474.jpg 1 0 0 180 180
p/1678486333157.jpg 1 0 0 169 169
p/1678486325907.jpg 1 0 0 164 164
p/1678486318106.jpg 1 0 0 178 178
p/1678486302687.jpg 1 0 0 181 181
p/1678486282617.jpg 1 0 0 164 164
p/1678486273028.jpg 1 0 0 169 169
p/1678486246413.jpg 1 0 0 183 183
p/1678486235929.jpg 1 0 0 170 170
p/1678486205202.jpg 1 0 0 181 181
p/1678486195128.jpg 1 0 0 113 113
p/1678486186120.jpg 1 0 0 181 181
p/1678486175563.jpg 1 0 0 176 176
p/1678486168104.jpg 1 0 0 174 174
p/1678486162161.jpg 1 0 0 170 170
p/1678486144780.jpg 1 0 0 182 182
p/1678486137089.jpg 1 0 0 175 175
p/1678486119754.jpg 1 0 0 195 195
p/1678486109157.jpg 1 0 0 176 176
p/1678486103781.jpg 1 0 0 168 168
p/1678486096310.jpg 1 0 0 172 172
p/1678486085248.jpg 1 0 0 165 165
p/1678486050896.jpg 1 0 0 181 181
p/1678486041527.jpg 1 0 0 183 183
p/1678486030337.jpg 1 0 0 205 205
p/1678486019393.jpg 1 0 0 182 182
p/1678486012587.jpg 1 0 0 168 168
p/1678486004218.jpg 1 0 0 181 181
p/1678485995706.jpg 1 0 0 194 194
p/1678485987613.jpg 1 0 0 189 189
p/1678485981261.jpg 1 0 0 182 182
p/1678485973979.jpg 1 0 0 170 170
p/1678485961064.jpg 1 0 0 188 188
p/1678485952814.jpg 1 0 0 177 177
p/1678485944775.jpg 1 0 0 187 187
p/1678485938064.jpg 1 0 0 162 162
p/1678485931472.jpg 1 0 0 163 163
p/1678485924396.jpg 1 0 0 159 159
p/1678485917298.jpg 1 0 0 164 164
p/1678485911629.jpg 1 0 0 184 184
p/1678485897639.jpg 1 0 0 188 188
p/1678485886875.jpg 1 0 0 183 183
p/1678485880873.jpg 1 0 0 188 188
p/1678485874429.jpg 1 0 0 189 189
p/1678485864532.jpg 1 0 0 181 181
p/1678485857195.jpg 1 0 0 178 178
p/1678485851455.jpg 1 0 0 181 181
p/1678485845297.jpg 1 0 0 200 200
p/1678485833683.jpg 1 0 0 192 192
p/1678485826278.jpg 1 0 0 175 175
p/1678485819050.jpg 1 0 0 188 188
p/1678485812085.jpg 1 0 0 184 184
p/1678485806680.jpg 1 0 0 164 164
p/1678485800385.jpg 1 0 0 180 180
p/1678485794368.jpg 1 0 0 193 193
p/1678485788426.jpg 1 0 0 200 200
p/1678485782040.jpg 1 0 0 180 180
p/1678485774339.jpg 1 0 0 183 183
p/1678485768939.jpg 1 0 0 193 193
p/1678485760409.jpg 1 0 0 194 194
p/1678485750876.jpg 1 0 0 201 201
p/1678485744671.jpg 1 0 0 205 205
p/1678485736623.jpg 1 0 0 193 193
p/1678485729999.jpg 1 0 0 190 190
p/1678485721374.jpg 1 0 0 195 195
p/1678485716222.jpg 1 0 0 202 202
p/1678485706240.jpg 1 0 0 194 194
p/1678485699584.jpg 1 0 0 209 209
p/1678485689509.jpg 1 0 0 202 202
p/1678485682227.jpg 1 0 0 203 203
p/1678485675693.jpg 1 0 0 203 203
p/1678485668961.jpg 1 0 0 193 193
p/1678485661704.jpg 1 0 0 199 199
p/1678485656326.jpg 1 0 0 202 202
p/1678485647684.jpg 1 0 0 200 200
p/1678485638238.jpg 1 0 0 200 200
p/1678485623869.jpg 1 0 0 196 196
p/1678485613344.jpg 1 0 0 187 187
p/1678485605067.jpg 1 0 0 187 187
p/1678485594210.jpg 1 0 0 196 196
p/1678485585432.jpg 1 0 0 192 192
p/1678485577578.jpg 1 0 0 202 202
p/1678485520781.jpg 1 0 0 184 184
p/1678485498318.jpg 1 0 0 209 209
p/1678485487209.jpg 1 0 0 193 193
p/1678485478922.jpg 1 0 0 195 195
p/1678485456646.jpg 1 0 0 200 200
p/1678485446112.jpg 1 0 0 192 192
p/1678485438977.jpg 1 0 0 199 199
p/1678485427709.jpg 1 0 0 198 198
p/1678485415196.jpg 1 0 0 199 199
p/1678485406933.jpg 1 0 0 202 202
p/1678485395667.jpg 1 0 0 200 200
p/1678485360149.jpg 1 0 0 201 201
p/1678485348398.jpg 1 0 0 205 205
p/1678485328892.jpg 1 0 0 202 202
p/1678485314450.jpg 1 0 0 189 189
p/1678485307205.jpg 1 0 0 183 183
p/1678485245636.jpg 1 0 0 190 190
p/1678485220739.jpg 1 0 0 182 182
p/1678485181606.jpg 1 0 0 182 182
p/1678485172640.jpg 1 0 0 186 186
p/1678485163453.jpg 1 0 0 195 195
p/1678485128242.jpg 1 0 0 183 183
p/1678485096813.jpg 1 0 0 207 207
p/1678485079679.jpg 1 0 0 213 213
p/1678485071740.jpg 1 0 0 181 181
p/1678485065165.jpg 1 0 0 186 186
p/1678485056407.jpg 1 0 0 175 175
p/1678485047270.jpg 1 0 0 176 176
p/1678485040881.jpg 1 0 0 177 177
p/1678485027413.jpg 1 0 0 221 221
p/1678484973448.jpg 1 0 0 152 152
p/1678484925797.jpg 1 0 0 159 159
p/1678484907037.jpg 1 0 0 165 165
p/1678484733112.jpg 1 0 0 129 129
p/1678484718363.jpg 1 0 0 150 150
p/1678484710337.jpg 1 0 0 150 150
p/1678484653858.jpg 1 0 0 143 143
p/1678484582120.jpg 1 0 0 155 155
p/1678484546692.jpg 1 0 0 162 162
p/1678484528709.jpg 1 0 0 145 145
p/1678484519322.jpg 1 0 0 152 152
p/1678484509732.jpg 1 0 0 146 146
p/1678484502202.jpg 1 0 0 153 153
p/1678484485833.jpg 1 0 0 159 159