p/red_1.png 1 0 0 33 85
p/red_10.png 1 0 0 14 51
p/red_11.png 1 0 0 19 65
p/red_12.png 1 0 0 20 75
p/red_13.png 1 0 0 23 81
p/red_14.png 1 0 0 28 88
p/red_15.png 1 0 0 32 90
p/red_16.png 1 0 0 43 117
p/red_17.png 1 0 0 49 136
p/red_18.png 1 0 0 59 143
p/red_19.png 1 0 0 71 163
p/red_2.png 1 0 0 35 90
p/red_20.png 1 0 0 78 191
p/red_21.png 1 0 0 11 51
p/red_22.png 1 0 0 12 51
p/red_23.png 1 0 0 16 55
p/red_24.png 1 0 0 15 55
p/red_25.png 1 0 0 18 67
p/red_26.png 1 0 0 22 73
p/red_27.png 1 0 0 25 78
p/red_28.png 1 0 0 26 79
p/red_29.png 1 0 0 25 83
p/red_3.png 1 0 0 36 94
p/red_30.png 1 0 0 28 91
p/red_4.png 1 0 0 40 96
p/red_5.png 1 0 0 43 99
p/red_6.png 1 0 0 50 115
p/red_7.png 1 0 0 75 147
p/red_8.png 1 0 0 14 48
p/red_9.png 1 0 0 15 51