p/1678522577523.jpg 1 0 0 80 235
p/1678522566644.jpg 1 0 0 70 238
p/1678522557723.jpg 1 0 0 74 235
p/1678522545976.jpg 1 0 0 73 235
p/1678522541083.jpg 1 0 0 70 230
p/1678522536874.jpg 1 0 0 71 295
p/1678522531993.jpg 1 0 0 77 236
p/1678522527996.jpg 1 0 0 84 235
p/1678522523658.jpg 1 0 0 77 226
p/1678522512237.jpg 1 0 0 79 229
p/1678522501018.jpg 1 0 0 67 226
p/1678522495526.jpg 1 0 0 73 227
p/1678522479846.jpg 1 0 0 80 221
p/1678522473416.jpg 1 0 0 78 227
p/1678522465296.jpg 1 0 0 67 225
p/1678522452937.jpg 1 0 0 64 235
p/1678522448479.jpg 1 0 0 75 235
p/1678522443472.jpg 1 0 0 70 236
p/1678522433558.jpg 1 0 0 74 246
p/1678522429628.jpg 1 0 0 68 248
p/1678522424311.jpg 1 0 0 82 237
p/1678522419088.jpg 1 0 0 92 252
p/1678522414642.jpg 1 0 0 73 230
p/1678522409196.jpg 1 0 0 92 229
p/1678522394710.jpg 1 0 0 74 244
p/1678522390123.jpg 1 0 0 84 241
p/1678522385905.jpg 1 0 0 98 251
p/1678522381471.jpg 1 0 0 75 245
p/1678522374844.jpg 1 0 0 76 237
p/1678522369389.jpg 1 0 0 74 233
p/1678522363498.jpg 1 0 0 88 237
p/1678522358453.jpg 1 0 0 75 244
p/1678522353266.jpg 1 0 0 81 228
p/1678522348031.jpg 1 0 0 102 244
p/1678522343227.jpg 1 0 0 72 229
p/1678522337545.jpg 1 0 0 69 232
p/1678522329999.jpg 1 0 0 84 224
p/1678522319235.jpg 1 0 0 85 229
p/1678522311124.jpg 1 0 0 63 222
p/1678522303442.jpg 1 0 0 69 229
p/1678522292566.jpg 1 0 0 66 224
p/1678522277171.jpg 1 0 0 89 247
p/1678522270021.jpg 1 0 0 79 219
p/1678522264720.jpg 1 0 0 82 233
p/1678522259514.jpg 1 0 0 77 241
p/1678522254206.jpg 1 0 0 69 225
p/1678522246909.jpg 1 0 0 63 226
p/1678522242213.jpg 1 0 0 72 236
p/1678522236490.jpg 1 0 0 60 229
p/1678522232222.jpg 1 0 0 64 228
p/1678522224947.jpg 1 0 0 76 236
p/1678522217025.jpg 1 0 0 69 230
p/1678522210733.jpg 1 0 0 94 236
p/1678522206722.jpg 1 0 0 70 232
p/1678522193053.jpg 1 0 0 88 243
p/1678522181048.jpg 1 0 0 88 258
p/1678522176641.jpg 1 0 0 77 214
p/1678522171543.jpg 1 0 0 160 222