p/1670610613497.jpg 1 0 0 198 198
p/1670610607640.jpg 1 0 0 262 262
p/1670610602544.jpg 1 0 0 108 108
p/1670610596357.jpg 1 0 0 146 146
p/1670610591383.jpg 1 0 0 196 196
p/1670610586811.jpg 1 0 0 243 243
p/1670610583788.jpg 1 0 0 218 218
p/1670610577789.jpg 1 0 0 193 193
p/1670610570867.jpg 1 0 0 180 180
p/1670610565072.jpg 1 0 0 121 121
p/1670610560170.jpg 1 0 0 90 90
p/1670610556108.jpg 1 0 0 66 66
p/1670610550386.jpg 1 0 0 80 80
p/1670610545656.jpg 1 0 0 65 65
p/1670610540094.jpg 1 0 0 92 92
p/1670610532311.jpg 1 0 0 81 81
p/1670610527416.jpg 1 0 0 158 158
p/1670610516903.jpg 1 0 0 171 171
p/1670610506115.jpg 1 0 0 157 157
p/1670610500866.jpg 1 0 0 105 105
p/1670610489981.jpg 1 0 0 93 93
p/1670610484503.jpg 1 0 0 64 64
p/1670610480001.jpg 1 0 0 94 94
p/1670610474420.jpg 1 0 0 121 121
p/1670610469752.jpg 1 0 0 130 130
p/1670610465268.jpg 1 0 0 164 164
p/1670610460225.jpg 1 0 0 133 133
p/1670610450516.jpg 1 0 0 157 157
p/1670610445619.jpg 1 0 0 126 126
p/1670610440116.jpg 1 0 0 128 128
p/1670610435631.jpg 1 0 0 98 98
p/1670610426580.jpg 1 0 0 73 73
p/1670610418072.jpg 1 0 0 94 94
p/1670610410697.jpg 1 0 0 119 119
p/1670610404633.jpg 1 0 0 95 95
p/1670610392468.jpg 1 0 0 73 73
p/1670610377407.jpg 1 0 0 85 85
p/1670610364170.jpg 1 0 0 123 123
p/1670610358958.jpg 1 0 0 125 125
p/1670610353958.jpg 1 0 0 172 172
p/1670610349180.jpg 1 0 0 86 86
p/1670610343450.jpg 1 0 0 74 74
p/1670610338916.jpg 1 0 0 172 172
p/1670610329233.jpg 1 0 0 172 172
p/1670610325035.jpg 1 0 0 408 408
p/1670610319821.jpg 1 0 0 409 409
p/1670610317315.jpg 1 0 0 409 409
p/1670610311847.jpg 1 0 0 240 240
p/1670610301363.jpg 1 0 0 100 100
p/1670610295397.jpg 1 0 0 218 218
p/1670610291191.jpg 1 0 0 170 170
p/1670610285983.jpg 1 0 0 112 112
p/1670610282006.jpg 1 0 0 172 172
p/1670610271245.jpg 1 0 0 221 221
p/1670610266030.jpg 1 0 0 114 114
p/1670610258933.jpg 1 0 0 164 164
p/1670610254303.jpg 1 0 0 154 154
p/1670610249313.jpg 1 0 0 246 246
p/1670610243694.jpg 1 0 0 255 255
p/1670610237741.jpg 1 0 0 167 167
p/1670610232041.jpg 1 0 0 256 256
p/1670610226058.jpg 1 0 0 135 135
p/1670610209874.jpg 1 0 0 294 294
p/1670610190959.jpg 1 0 0 245 245
p/1670610184674.jpg 1 0 0 115 115
p/1670610179341.jpg 1 0 0 301 301
p/1670610165169.jpg 1 0 0 425 425
p/1670610157857.jpg 1 0 0 229 229
p/1670610148579.jpg 1 0 0 287 287
p/1670610140904.jpg 1 0 0 267 267
p/1670610134874.jpg 1 0 0 136 136
p/1670610118494.jpg 1 0 0 107 107
p/1670610109724.jpg 1 0 0 224 224
p/1670610102274.jpg 1 0 0 152 152
p/1670610093908.jpg 1 0 0 225 225
p/1670610086430.jpg 1 0 0 152 152