p/1671214321522.jpg 1 0 0 58 58
p/1671214304129.jpg 1 0 0 174 174
p/1671214298484.jpg 1 0 0 179 179
p/1671214291639.jpg 1 0 0 206 206
p/1671214285603.jpg 1 0 0 212 212
p/1671214278316.jpg 1 0 0 61 61
p/1671214272853.jpg 1 0 0 71 71
p/1671214268046.jpg 1 0 0 73 73
p/1671214262731.jpg 1 0 0 74 74
p/1671214257422.jpg 1 0 0 85 85
p/1671214252447.jpg 1 0 0 76 76
p/1671214246308.jpg 1 0 0 93 93
p/1671214236780.jpg 1 0 0 61 61
p/1671214229423.jpg 1 0 0 137 137
p/1671214223705.jpg 1 0 0 135 135
p/1671214217206.jpg 1 0 0 127 127
p/1671214212209.jpg 1 0 0 143 143
p/1671214205208.jpg 1 0 0 130 130
p/1671214193012.jpg 1 0 0 116 116
p/1671214185971.jpg 1 0 0 204 204
p/1671214179034.jpg 1 0 0 69 69
p/1671214173353.jpg 1 0 0 102 102
p/1671214166343.jpg 1 0 0 63 63
p/1671214161449.jpg 1 0 0 61 61
p/1671214153990.jpg 1 0 0 66 66
p/1671214147395.jpg 1 0 0 276 276
p/1671214142578.jpg 1 0 0 190 190
p/1671214134384.jpg 1 0 0 154 154
p/1671214126361.jpg 1 0 0 355 355
p/1671214118482.jpg 1 0 0 211 211
p/1671214110227.jpg 1 0 0 185 185
p/1671214102024.jpg 1 0 0 154 154
p/1671214094304.jpg 1 0 0 112 112
p/1671214086882.jpg 1 0 0 106 106
p/1671214074229.jpg 1 0 0 81 81
p/1671214059545.jpg 1 0 0 94 94
p/1671214044113.jpg 1 0 0 87 87
p/1671214034461.jpg 1 0 0 108 108
p/1671213961315.jpg 1 0 0 60 60
p/1671213951756.jpg 1 0 0 80 80
p/1671213941776.jpg 1 0 0 64 64
p/1671213919137.jpg 1 0 0 274 274
p/1671213911359.jpg 1 0 0 33 33
p/1671213900609.jpg 1 0 0 178 178
p/1671213878302.jpg 1 0 0 138 138
p/1671213858871.jpg 1 0 0 67 67
p/1671213849113.jpg 1 0 0 223 223
p/1671213835090.jpg 1 0 0 61 61
p/1671213347642.jpg 1 0 0 212 212
p/1671213337718.jpg 1 0 0 75 75
p/1671213325684.jpg 1 0 0 287 287
p/1671213314804.jpg 1 0 0 85 85
p/1671213295785.jpg 1 0 0 51 51
p/1671213288348.jpg 1 0 0 35 35
p/1671213274468.jpg 1 0 0 194 194
p/1671213254417.jpg 1 0 0 136 74
p/1671213208923.jpg 1 0 0 41 41
p/1671213194793.jpg 1 0 0 52 52
p/1671213183454.jpg 1 0 0 123 123
p/1671213155702.jpg 1 0 0 149 149
p/1671213143661.jpg 1 0 0 99 99
p/1671213130961.jpg 1 0 0 111 111
p/1671213089425.jpg 1 0 0 37 37
p/1671213074768.jpg 1 0 0 239 239
p/1671213054157.jpg 1 0 0 100 100
p/1671213034564.jpg 1 0 0 31 31
p/1671213028489.jpg 1 0 0 63 63
p/1671213017643.jpg 1 0 0 47 47
p/1671213008827.jpg 1 0 0 45 45
p/1671212984220.jpg 1 0 0 273 273
p/1671212970146.jpg 1 0 0 80 80
p/1671212948349.jpg 1 0 0 143 143
p/1671212936304.jpg 1 0 0 141 141
p/1671212862682.jpg 1 0 0 214 214
p/1671212849700.jpg 1 0 0 107 107
p/1671212838896.jpg 1 0 0 86 86
p/1671212825167.jpg 1 0 0 113 113
p/1671212811219.jpg 1 0 0 95 95
p/1671212795611.jpg 1 0 0 72 72
p/1671212782026.jpg 1 0 0 88 88
p/1671212765689.jpg 1 0 0 48 48
p/1671212748885.jpg 1 0 0 91 91
p/1671212729956.jpg 1 0 0 23 23
p/1671212719878.jpg 1 0 0 65 65
p/1671212713483.jpg 1 0 0 68 68
p/1671212700209.jpg 1 0 0 98 98
p/1671212689843.jpg 1 0 0 135 135
p/1671212674960.jpg 1 0 0 252 252
p/1671212662091.jpg 1 0 0 172 172
p/1671212651848.jpg 1 0 0 182 182
p/1671212639330.jpg 1 0 0 360 128
p/1671212624299.jpg 1 0 0 341 341
p/1671212570364.jpg 1 0 0 273 273
p/1671212558855.jpg 1 0 0 57 57
p/1671212530438.jpg 1 0 0 193 193
p/1671212516324.jpg 1 0 0 52 52
p/1671212494642.jpg 1 0 0 35 35
p/1671212481937.jpg 1 0 0 337 337
p/1671212454947.jpg 1 0 0 54 54
p/1671212436966.jpg 1 0 0 67 67
p/1671212408095.jpg 1 0 0 54 54
p/1671212395305.jpg 1 0 0 75 75
p/1671212380192.jpg 1 0 0 25 25
p/1671212349473.jpg 1 0 0 135 135
p/1671212335925.jpg 1 0 0 125 125
p/1671212322424.jpg 1 0 0 105 105
p/1671212299526.jpg 1 0 0 137 137
p/1671212290425.jpg 1 0 0 107 107
p/1671212259446.jpg 1 0 0 256 256
p/1671212244277.jpg 1 0 0 104 104
p/1671212223629.jpg 1 0 0 63 63
p/1671212211465.jpg 1 0 0 65 65