p/1678701896216.jpg 1 0 0 84 90
p/1678701888523.jpg 1 0 0 82 81
p/1678701882313.jpg 1 0 0 83 77
p/1678701875633.jpg 1 0 0 82 93
p/1678701868453.jpg 1 0 0 84 81
p/1678701861833.jpg 1 0 0 93 94
p/1678701853783.jpg 1 0 0 87 92
p/1678701846983.jpg 1 0 0 81 95
p/1678701835463.jpg 1 0 0 92 86
p/1678701828863.jpg 1 0 0 83 95
p/1678701821933.jpg 1 0 0 68 70
p/1678701806433.jpg 1 0 0 82 74
p/1678701795356.jpg 1 0 0 79 96
p/1678701787503.jpg 1 0 0 77 76
p/1678701780763.jpg 1 0 0 79 87
p/1678701764763.jpg 1 0 0 92 85
p/1678701757133.jpg 1 0 0 72 67
p/1678701751423.jpg 1 0 0 66 74
p/1678701746353.jpg 1 0 0 72 64
p/1678701740194.jpg 1 0 0 66 71
p/1678701733883.jpg 1 0 0 78 67
p/1678701727773.jpg 1 0 0 72 74
p/1678701720453.jpg 1 0 0 87 78
p/1678701714343.jpg 1 0 0 60 67
p/1678701708043.jpg 1 0 0 84 65
p/1678701701613.jpg 1 0 0 74 66
p/1678701696113.jpg 1 0 0 70 69
p/1678701690303.jpg 1 0 0 83 77
p/1678701675593.jpg 1 0 0 75 68
p/1678701669053.jpg 1 0 0 71 70
p/1678701662583.jpg 1 0 0 79 64
p/1678701654983.jpg 1 0 0 74 72
p/1678701648236.jpg 1 0 0 72 73
p/1678701641433.jpg 1 0 0 68 74
p/1678701635053.jpg 1 0 0 85 71
p/1678701621763.jpg 1 0 0 83 72
p/1678701614753.jpg 1 0 0 85 68
p/1678701605377.jpg 1 0 0 68 77
p/1678701599173.jpg 1 0 0 79 66
p/1678701591043.jpg 1 0 0 79 81
p/1678701581613.jpg 1 0 0 82 66
p/1678701572433.jpg 1 0 0 70 76
p/1678701565893.jpg 1 0 0 67 84
p/1678701558003.jpg 1 0 0 90 69
p/1678701549853.jpg 1 0 0 85 74
p/1678701542433.jpg 1 0 0 73 60
p/1678701503653.jpg 1 0 0 69 58
p/1678701493928.jpg 1 0 0 75 70
p/1678701482257.jpg 1 0 0 97 74
p/1678701475006.jpg 1 0 0 93 67
p/1678701467343.jpg 1 0 0 114 73
p/1678701460233.jpg 1 0 0 99 65
p/1678701447223.jpg 1 0 0 98 86
p/1678701438913.jpg 1 0 0 69 73
p/1678701432503.jpg 1 0 0 95 76
p/1678701418523.jpg 1 0 0 100 77
p/1678701412413.jpg 1 0 0 100 87
p/1678701403743.jpg 1 0 0 98 85
p/1678701398114.jpg 1 0 0 76 105
p/1678701390103.jpg 1 0 0 110 84
p/1678701379093.jpg 1 0 0 92 75
p/1678701371643.jpg 1 0 0 79 74
p/1678701360483.jpg 1 0 0 86 79
p/1678701354283.jpg 1 0 0 87 82
p/1678701347113.jpg 1 0 0 63 83
p/1678701337143.jpg 1 0 0 97 90
p/1678701324923.jpg 1 0 0 87 95
p/1678701316073.jpg 1 0 0 107 121
p/1678701305214.jpg 1 0 0 85 78
p/1678701291333.jpg 1 0 0 74 71
p/1678701279883.jpg 1 0 0 78 62
p/1678701272833.jpg 1 0 0 107 117
p/1678701264673.jpg 1 0 0 93 112
p/1678701255914.jpg 1 0 0 114 117
p/1678701246493.jpg 1 0 0 94 114
p/1678701238513.jpg 1 0 0 105 128
p/1678701229373.jpg 1 0 0 106 111
p/1678701223754.jpg 1 0 0 113 72
p/1678701216393.jpg 1 0 0 124 121
p/1678701210314.jpg 1 0 0 96 73
p/1678701198673.jpg 1 0 0 103 100
p/1678701191164.jpg 1 0 0 76 98
p/1678701185934.jpg 1 0 0 95 95
p/1678701178754.jpg 1 0 0 78 76
p/1678701170004.jpg 1 0 0 128 103
p/1678701157069.jpg 1 0 0 45 43
p/1678701144664.jpg 1 0 0 85 69
p/1678701128701.jpg 1 0 0 85 73
p/1678701053711.jpg 1 0 0 73 65
p/1678701046500.jpg 1 0 0 134 116
p/1678701040680.jpg 1 0 0 84 73
p/1678701032775.jpg 1 0 0 124 99
p/1678701020004.jpg 1 0 0 68 69
p/1678701007125.jpg 1 0 0 110 146
p/1678701000237.jpg 1 0 0 85 91
p/1678700991830.jpg 1 0 0 110 108
p/1678700981746.jpg 1 0 0 78 105
p/1678700974370.jpg 1 0 0 122 121
p/1678700961268.jpg 1 0 0 102 101
p/1678700955848.jpg 1 0 0 132 98
p/1678700904949.jpg 1 0 0 100 102
p/1678700894677.jpg 1 0 0 107 105
p/1678700884389.jpg 1 0 0 114 110
p/1678700872650.jpg 1 0 0 97 93
p/1678700862330.jpg 1 0 0 129 105
p/1678700850617.jpg 1 0 0 88 90
p/1678700841445.jpg 1 0 0 125 100
p/1678700823541.jpg 1 0 0 132 115
p/1678700808443.jpg 1 0 0 97 98
p/1678700800324.jpg 1 0 0 130 119
p/1678700790655.jpg 1 0 0 60 55
p/1678700778392.jpg 1 0 0 82 62
p/1678700768739.jpg 1 0 0 86 99
p/1678700761004.jpg 1 0 0 122 115
p/1678700752357.jpg 1 0 0 86 99
p/1678700743188.jpg 1 0 0 61 63
p/1678700736810.jpg 1 0 0 96 95
p/1678700728874.jpg 1 0 0 70 66
p/1678700722789.jpg 1 0 0 100 91
p/1678700709364.jpg 1 0 0 53 82
p/1678700695170.jpg 1 0 0 62 55
p/1678700676664.jpg 1 0 0 54 62
p/1678700660267.jpg 1 0 0 54 57
p/1678700651314.jpg 1 0 0 56 60
p/1678700641267.jpg 1 0 0 45 54
p/1678700626280.jpg 1 0 0 54 48
p/1678700620536.jpg 1 0 0 74 67
p/1678700598456.jpg 1 0 0 48 57
p/1678700583693.jpg 1 0 0 53 50
p/1678700575356.jpg 1 0 0 142 118
p/1678700566795.jpg 1 0 0 68 63
p/1678700545217.jpg 1 0 0 62 58
p/1678700539507.jpg 1 0 0 62 57
p/1678700532949.jpg 1 0 0 60 57
p/1678700465480.jpg 1 0 0 66 55
p/1678700457426.jpg 1 0 0 67 66
p/1678700450077.jpg 1 0 0 64 66
p/1678700442738.jpg 1 0 0 81 61
p/1678700435576.jpg 1 0 0 69 58
p/1678700426844.jpg 1 0 0 59 59
p/1678700421000.jpg 1 0 0 65 59
p/1678700412546.jpg 1 0 0 69 76
p/1678700406122.jpg 1 0 0 68 61
p/1678700397660.jpg 1 0 0 59 60
p/1678700386235.jpg 1 0 0 81 74
p/1678700376365.jpg 1 0 0 45 54
p/1678700357649.jpg 1 0 0 131 86
p/1678700341840.jpg 1 0 0 69 46
p/1678700329949.jpg 1 0 0 74 59
p/1678700323998.jpg 1 0 0 66 39
p/1678700306160.jpg 1 0 0 103 94
p/1678700284953.jpg 1 0 0 59 62
p/1678700276506.jpg 1 0 0 114 104
p/1678700265516.jpg 1 0 0 74 69
p/1678700258849.jpg 1 0 0 106 90
p/1678700252727.jpg 1 0 0 97 82
p/1678700246373.jpg 1 0 0 126 95
p/1678700192697.jpg 1 0 0 114 94
p/1678700185359.jpg 1 0 0 79 72
p/1678700172828.jpg 1 0 0 123 87
p/1678700159479.jpg 1 0 0 84 74
p/1678700152859.jpg 1 0 0 133 83
p/1678700125564.jpg 1 0 0 103 93
p/1678700009427.jpg 1 0 0 69 32
p/1678699980953.jpg 1 0 0 71 66
p/1678699959411.jpg 1 0 0 80 58
p/1678699947716.jpg 1 0 0 79 67
p/1678699937802.jpg 1 0 0 45 49
p/1678699928337.jpg 1 0 0 69 58
p/1678699920557.jpg 1 0 0 56 55
p/1678699903083.jpg 1 0 0 42 52
p/1678699891251.jpg 1 0 0 47 54
p/1678699883406.jpg 1 0 0 68 65
p/1678699874437.jpg 1 0 0 47 54
p/1678699867561.jpg 1 0 0 64 65
p/1678699856281.jpg 1 0 0 44 45
p/1678699837271.jpg 1 0 0 42 54
p/1678699827298.jpg 1 0 0 45 52
p/1678699817726.jpg 1 0 0 66 73
p/1678699800760.jpg 1 0 0 51 55
p/1678699791751.jpg 1 0 0 60 55
p/1678699783480.jpg 1 0 0 52 52
p/1678699770651.jpg 1 0 0 60 57
p/1678699762009.jpg 1 0 0 79 69
p/1678699751329.jpg 1 0 0 69 69
p/1678699732815.jpg 1 0 0 68 66
p/1678699724983.jpg 1 0 0 73 63
p/1678699714649.jpg 1 0 0 76 77
p/1678699699466.jpg 1 0 0 58 60
p/1678699688885.jpg 1 0 0 44 47
p/1678699679932.jpg 1 0 0 59 59
p/1678699665845.jpg 1 0 0 42 44
p/1678699645772.jpg 1 0 0 60 52