p/1678509366999.jpg 1 0 0 26 55
p/1678509356352.jpg 1 0 0 26 54
p/1678509345871.jpg 1 0 0 26 48
p/1678509302206.jpg 1 0 0 14 33
p/1678509284247.jpg 1 0 0 23 47
p/1678509271455.jpg 1 0 0 22 48
p/1678509118478.jpg 1 0 0 24 43
p/1678509112458.jpg 1 0 0 22 41
p/1678509106082.jpg 1 0 0 21 43
p/1678509093506.jpg 1 0 0 15 34
p/1678509081624.jpg 1 0 0 15 32
p/1678509071682.jpg 1 0 0 13 33
p/1678509060697.jpg 1 0 0 13 31
p/1678509053940.jpg 1 0 0 13 34
p/1678509044628.jpg 1 0 0 17 33
p/1678509034510.jpg 1 0 0 21 37
p/1678509023339.jpg 1 0 0 25 41
p/1678509010922.jpg 1 0 0 23 38
p/1678508998023.jpg 1 0 0 18 38
p/1678508990852.jpg 1 0 0 17 36
p/1678508871107.jpg 1 0 0 17 37
p/1678508864765.jpg 1 0 0 16 38
p/1678508858233.jpg 1 0 0 19 37
p/1678508846925.jpg 1 0 0 18 37
p/1678508835141.jpg 1 0 0 16 37
p/1678508823885.jpg 1 0 0 17 36
p/1678508810309.jpg 1 0 0 18 40
p/1678508799325.jpg 1 0 0 22 42
p/1678508787930.jpg 1 0 0 17 36
p/1678508774843.jpg 1 0 0 16 34
p/1678508702581.jpg 1 0 0 20 37
p/1678508695628.jpg 1 0 0 21 34
p/1678508688481.jpg 1 0 0 17 35
p/1678508673679.jpg 1 0 0 20 37
p/1678508666876.jpg 1 0 0 23 37
p/1678508654990.jpg 1 0 0 20 36
p/1678508647930.jpg 1 0 0 21 36
p/1678508637217.jpg 1 0 0 23 33
p/1678508625329.jpg 1 0 0 24 40
p/1678508609351.jpg 1 0 0 19 35
p/1678508594300.jpg 1 0 0 18 32
p/1678508566141.jpg 1 0 0 20 35
p/1678508554085.jpg 1 0 0 25 37
p/1678508545841.jpg 1 0 0 25 58
p/1678508538518.jpg 1 0 0 22 50
p/1678508525309.jpg 1 0 0 19 52
p/1678508517559.jpg 1 0 0 27 48
p/1678508510490.jpg 1 0 0 23 51
p/1678508496446.jpg 1 0 0 21 52
p/1678508482894.jpg 1 0 0 18 39
p/1678508468895.jpg 1 0 0 19 52
p/1678508461803.jpg 1 0 0 19 48
p/1678508454798.jpg 1 0 0 25 50
p/1678508444497.jpg 1 0 0 26 66
p/1678508436536.jpg 1 0 0 26 67
p/1678508425549.jpg 1 0 0 23 59
p/1678508416229.jpg 1 0 0 27 69
p/1678508403178.jpg 1 0 0 29 66
p/1678508393999.jpg 1 0 0 25 59
p/1678508382385.jpg 1 0 0 23 59
p/1678508368103.jpg 1 0 0 16 37
p/1678508335942.jpg 1 0 0 31 61
p/1678508328675.jpg 1 0 0 31 61
p/1678508322485.jpg 1 0 0 30 61
p/1678508316042.jpg 1 0 0 27 57
p/1678508304750.jpg 1 0 0 28 60
p/1678508293977.jpg 1 0 0 24 51
p/1678508281793.jpg 1 0 0 27 48
p/1678508275655.jpg 1 0 0 22 48
p/1678508269130.jpg 1 0 0 27 50
p/1678508249857.jpg 1 0 0 23 44
p/1678508243937.jpg 1 0 0 21 37
p/1678508237400.jpg 1 0 0 26 51
p/1678508229635.jpg 1 0 0 24 46
p/1678508213686.jpg 1 0 0 30 57
p/1678508202164.jpg 1 0 0 27 57
p/1678508194766.jpg 1 0 0 28 55
p/1678508187447.jpg 1 0 0 27 56
p/1678508176704.jpg 1 0 0 27 55
p/1678508164639.jpg 1 0 0 27 55
p/1678508151680.jpg 1 0 0 27 64
p/1678508140145.jpg 1 0 0 27 54
p/1678508120364.jpg 1 0 0 18 41
p/1678508106534.jpg 1 0 0 28 57
p/1678508091354.jpg 1 0 0 26 55
p/1678507961426.jpg 1 0 0 21 43
p/1678507921225.jpg 1 0 0 29 47
p/1678507912378.jpg 1 0 0 28 45
p/1678507897738.jpg 1 0 0 25 43
p/1678507891010.jpg 1 0 0 20 44
p/1678507873093.jpg 1 0 0 23 42
p/1678507867081.jpg 1 0 0 23 44
p/1678507860246.jpg 1 0 0 22 44
p/1678507852947.jpg 1 0 0 22 45
p/1678507840680.jpg 1 0 0 23 45
p/1678507833829.jpg 1 0 0 21 46
p/1678507820078.jpg 1 0 0 23 40
p/1678507784239.jpg 1 0 0 21 43
p/1678507776467.jpg 1 0 0 19 38
p/1678507769408.jpg 1 0 0 21 40